# JRE version: OpenJDK Runtime Environment (21.0+35) (build 21+35-2513)
# Java VM: OpenJDK 64-Bit Server VM (21+35-2513, mixed mode, sharing, tiered, compressed oops, compressed class ptrs, g1 gc, windows-amd64)
GC Precious Log:
 CardTable entry size: 512
 Card Set container configuration: InlinePtr #cards 5 size 8 Array Of Cards #cards 12 size 40 Howl #buckets 4 coarsen threshold 1843 Howl Bitmap #cards 512 size 80 coarsen threshold 460 Card regions per heap region 1 cards per card region 2048
 CPUs: 4 total, 4 available
 Memory: 3978M
 Large Page Support: Disabled
 NUMA Support: Disabled
 Compressed Oops: Enabled (32-bit)
 Heap Region Size: 1M
 Heap Min Capacity: 8M
 Heap Initial Capacity: 64M
 Heap Max Capacity: 996M
 Pre-touch: Disabled
 Parallel Workers: 4
 Concurrent Workers: 1
 Concurrent Refinement Workers: 4
 Periodic GC: Disabled
Heap:
 garbage-first heap   total 65536K, used 34606K [0x00000000c1c00000, 0x0000000100000000)
  region size 1024K, 12 young (12288K), 5 survivors (5120K)
 Metaspace       used 16785K, committed 17152K, reserved 1114112K
  class space    used 2570K, committed 2752K, reserved 1048576K
GC Heap History (6 events):
Event: 6.722 GC heap before
{Heap before GC invocations=0 (full 0):
 garbage-first heap   total 65536K, used 13312K [0x00000000c1c00000, 0x0000000100000000)
  region size 1024K, 13 young (13312K), 0 survivors (0K)
 Metaspace       used 2381K, committed 2560K, reserved 1114112K
  class space    used 247K, committed 320K, reserved 1048576K
}
Event: 6.729 GC heap after
{Heap after GC invocations=1 (full 0):
 garbage-first heap   total 65536K, used 2096K [0x00000000c1c00000, 0x0000000100000000)
  region size 1024K, 2 young (2048K), 2 survivors (2048K)
 Metaspace       used 2381K, committed 2560K, reserved 1114112K
  class space    used 247K, committed 320K, reserved 1048576K
}
Event: 9.353 GC heap before
{Heap before GC invocations=1 (full 0):
 garbage-first heap   total 65536K, used 21552K [0x00000000c1c00000, 0x0000000100000000)
  region size 1024K, 22 young (22528K), 2 survivors (2048K)
 Metaspace       used 8275K, committed 8512K, reserved 1114112K
  class space    used 1026K, committed 1088K, reserved 1048576K
}
Event: 9.361 GC heap after
{Heap after GC invocations=2 (full 0):
 garbage-first heap   total 65536K, used 4041K [0x00000000c1c00000, 0x0000000100000000)
  region size 1024K, 2 young (2048K), 2 survivors (2048K)
 Metaspace       used 8275K, committed 8512K, reserved 1114112K
  class space    used 1026K, committed 1088K, reserved 1048576K
}
Event: 13.497 GC heap before
{Heap before GC invocations=2 (full 0):
 garbage-first heap   total 65536K, used 39881K [0x00000000c1c00000, 0x0000000100000000)
  region size 1024K, 38 young (38912K), 2 survivors (2048K)
 Metaspace       used 15521K, committed 15936K, reserved 1114112K
  class space    used 2431K, committed 2624K, reserved 1048576K
}
Event: 13.513 GC heap after
{Heap after GC invocations=3 (full 0):
 garbage-first heap   total 65536K, used 7982K [0x00000000c1c00000, 0x0000000100000000)
  region size 1024K, 5 young (5120K), 5 survivors (5120K)
 Metaspace       used 15521K, committed 15936K, reserved 1114112K
  class space    used 2431K, committed 2624K, reserved 1048576K
}

