# JRE version: OpenJDK Runtime Environment (21.0+35) (build 21+35-2513)
# Java VM: OpenJDK 64-Bit Server VM (21+35-2513, mixed mode, sharing, tiered, compressed oops, compressed class ptrs, g1 gc, windows-amd64)
GC Precious Log:
 CardTable entry size: 512
 Card Set container configuration: InlinePtr #cards 5 size 8 Array Of Cards #cards 12 size 40 Howl #buckets 4 coarsen threshold 1843 Howl Bitmap #cards 512 size 80 coarsen threshold 460 Card regions per heap region 1 cards per card region 2048
 CPUs: 4 total, 4 available
 Memory: 3978M
 Large Page Support: Disabled
 NUMA Support: Disabled
 Compressed Oops: Enabled (32-bit)
 Heap Region Size: 1M
 Heap Min Capacity: 8M
 Heap Initial Capacity: 64M
 Heap Max Capacity: 996M
 Pre-touch: Disabled
 Parallel Workers: 4
 Concurrent Workers: 1
 Concurrent Refinement Workers: 4
 Periodic GC: Disabled
Heap:
 garbage-first heap   total 58368K, used 43193K [0x00000000c1c00000, 0x0000000100000000)
  region size 1024K, 14 young (14336K), 1 survivors (1024K)
 Metaspace       used 31109K, committed 31488K, reserved 1114112K
  class space    used 4103K, committed 4288K, reserved 1048576K
GC Heap History (18 events):
Event: 6.979 GC heap before
{Heap before GC invocations=0 (full 0):
 garbage-first heap   total 65536K, used 13312K [0x00000000c1c00000, 0x0000000100000000)
  region size 1024K, 13 young (13312K), 0 survivors (0K)
 Metaspace       used 2710K, committed 2816K, reserved 1114112K
  class space    used 276K, committed 320K, reserved 1048576K
}
Event: 7.016 GC heap after
{Heap after GC invocations=1 (full 0):
 garbage-first heap   total 65536K, used 3072K [0x00000000c1c00000, 0x0000000100000000)
  region size 1024K, 2 young (2048K), 2 survivors (2048K)
 Metaspace       used 2710K, committed 2816K, reserved 1114112K
  class space    used 276K, committed 320K, reserved 1048576K
}
Event: 15.738 GC heap before
{Heap before GC invocations=1 (full 0):
 garbage-first heap   total 65536K, used 16384K [0x00000000c1c00000, 0x0000000100000000)
  region size 1024K, 16 young (16384K), 2 survivors (2048K)
 Metaspace       used 6853K, committed 7104K, reserved 1114112K
  class space    used 796K, committed 896K, reserved 1048576K
}
Event: 15.744 GC heap after
{Heap after GC invocations=2 (full 0):
 garbage-first heap   total 65536K, used 4275K [0x00000000c1c00000, 0x0000000100000000)
  region size 1024K, 2 young (2048K), 2 survivors (2048K)
 Metaspace       used 6853K, committed 7104K, reserved 1114112K
  class space    used 796K, committed 896K, reserved 1048576K
}
Event: 22.126 GC heap before
{Heap before GC invocations=2 (full 0):
 garbage-first heap   total 65536K, used 40115K [0x00000000c1c00000, 0x0000000100000000)
  region size 1024K, 38 young (38912K), 2 survivors (2048K)
 Metaspace       used 14322K, committed 14656K, reserved 1114112K
  class space    used 2186K, committed 2368K, reserved 1048576K
}
Event: 22.138 GC heap after
{Heap after GC invocations=3 (full 0):
 garbage-first heap   total 65536K, used 7786K [0x00000000c1c00000, 0x0000000100000000)
  region size 1024K, 5 young (5120K), 5 survivors (5120K)
 Metaspace       used 14322K, committed 14656K, reserved 1114112K
  class space    used 2186K, committed 2368K, reserved 1048576K
}
Event: 38.678 GC heap before
{Heap before GC invocations=3 (full 0):
 garbage-first heap   total 65536K, used 35434K [0x00000000c1c00000, 0x0000000100000000)
  region size 1024K, 31 young (31744K), 5 survivors (5120K)
 Metaspace       used 21229K, committed 21504K, reserved 1114112K
  class space    used 3000K, committed 3136K, reserved 1048576K
}
Event: 38.695 GC heap after
{Heap after GC invocations=4 (full 0):
 garbage-first heap   total 65536K, used 13481K [0x00000000c1c00000, 0x0000000100000000)
  region size 1024K, 4 young (4096K), 4 survivors (4096K)
 Metaspace       used 21229K, committed 21504K, reserved 1114112K
  class space    used 3000K, committed 3136K, reserved 1048576K
}
Event: 48.371 GC heap before
{Heap before GC invocations=5 (full 0):
 garbage-first heap   total 51200K, used 39081K [0x00000000c1c00000, 0x0000000100000000)
  region size 1024K, 30 young (30720K), 4 survivors (4096K)
 Metaspace       used 27672K, committed 28032K, reserved 1114112K
  class space    used 3869K, committed 4032K, reserved 1048576K
}
Event: 48.387 GC heap after
{Heap after GC invocations=6 (full 0):
 garbage-first heap   total 51200K, used 17441K [0x00000000c1c00000, 0x0000000100000000)
  region size 1024K, 4 young (4096K), 4 survivors (4096K)
 Metaspace       used 27672K, committed 28032K, reserved 1114112K
  class space    used 3869K, committed 4032K, reserved 1048576K
}
Event: 83.306 GC heap before
{Heap before GC invocations=6 (full 0):
 garbage-first heap   total 51200K, used 39969K [0x00000000c1c00000, 0x0000000100000000)
  region size 1024K, 26 young (26624K), 4 survivors (4096K)
 Metaspace       used 29472K, committed 29824K, reserved 1114112K
  class space    used 4053K, committed 4224K, reserved 1048576K
}
Event: 83.328 GC heap after
{Heap after GC invocations=7 (full 0):
 garbage-first heap   total 51200K, used 23441K [0x00000000c1c00000, 0x0000000100000000)
  region size 1024K, 4 young (4096K), 4 survivors (4096K)
 Metaspace       used 29472K, committed 29824K, reserved 1114112K
  class space    used 4053K, committed 4224K, reserved 1048576K
}
Event: 92.288 GC heap before
{Heap before GC invocations=7 (full 0):
 garbage-first heap   total 51200K, used 40849K [0x00000000c1c00000, 0x0000000100000000)
  region size 1024K, 21 young (21504K), 4 survivors (4096K)
 Metaspace       used 30143K, committed 30528K, reserved 1114112K
  class space    used 4055K, committed 4224K, reserved 1048576K
}
Event: 92.310 GC heap after
{Heap after GC invocations=8 (full 0):
 garbage-first heap   total 51200K, used 29389K [0x00000000c1c00000, 0x0000000100000000)
  region size 1024K, 3 young (3072K), 3 survivors (3072K)
 Metaspace       used 30143K, committed 30528K, reserved 1114112K
  class space    used 4055K, committed 4224K, reserved 1048576K
}
Event: 105.188 GC heap before
{Heap before GC invocations=8 (full 0):
 garbage-first heap   total 51200K, used 40653K [0x00000000c1c00000, 0x0000000100000000)
  region size 1024K, 15 young (15360K), 3 survivors (3072K)
 Metaspace       used 30601K, committed 30976K, reserved 1114112K
  class space    used 4063K, committed 4224K, reserved 1048576K
}
Event: 105.198 GC heap after
{Heap after GC invocations=9 (full 0):
 garbage-first heap   total 51200K, used 31348K [0x00000000c1c00000, 0x0000000100000000)
  region size 1024K, 2 young (2048K), 2 survivors (2048K)
 Metaspace       used 30601K, committed 30976K, reserved 1114112K
  class space    used 4063K, committed 4224K, reserved 1048576K
}
Event: 128.735 GC heap before
{Heap before GC invocations=10 (full 0):
 garbage-first heap   total 58368K, used 42612K [0x00000000c1c00000, 0x0000000100000000)
  region size 1024K, 13 young (13312K), 2 survivors (2048K)
 Metaspace       used 30935K, committed 31360K, reserved 1114112K
  class space    used 4102K, committed 4288K, reserved 1048576K
}
Event: 128.740 GC heap after
{Heap after GC invocations=11 (full 0):
 garbage-first heap   total 58368K, used 30905K [0x00000000c1c00000, 0x0000000100000000)
  region size 1024K, 1 young (1024K), 1 survivors (1024K)
 Metaspace       used 30935K, committed 31360K, reserved 1114112K
  class space    used 4102K, committed 4288K, reserved 1048576K
}

